<?xml version="1.0" encoding="UTF-8"?>
<!-- Generated by org.testng.reporters.JUnitReportReporter -->
<testsuite skipped="0" hostname="Dhruvs-MacBook-Air.local" name="com.selenium.Example26" tests="1" failures="0" timestamp="2020-01-23T19:27:03 EST" time="4.708" errors="0">
  <testcase name="enterText" time="4.708" classname="com.selenium.Example26"/>
</testsuite> <!-- com.selenium.Example26 -->
