<?xml version="1.0" encoding="UTF-8"?>
<!-- Generated by org.testng.reporters.JUnitReportReporter -->
<testsuite skipped="0" hostname="Dhruvs-MacBook-Air.local" name="logAndReport.ExtendReport" tests="2" failures="0" timestamp="2020-01-23T21:07:55 EST" time="0.021" errors="0">
  <testcase name="testLogout" time="0.014" classname="logAndReport.ExtendReport"/>
  <testcase name="testLogin" time="0.007" classname="logAndReport.ExtendReport"/>
</testsuite> <!-- logAndReport.ExtendReport -->
