<?xml version="1.0" encoding="UTF-8"?>
<!-- Generated by org.testng.reporters.JUnitReportReporter -->
<testsuite skipped="0" hostname="Dhruvs-MacBook-Air.local" name="com.selenium.Example27" tests="1" failures="0" timestamp="2020-01-23T19:51:09 EST" time="11.984" errors="0">
  <testcase name="enterText" time="11.984" classname="com.selenium.Example27"/>
</testsuite> <!-- com.selenium.Example27 -->
