<?xml version="1.0" encoding="UTF-8"?>
<!-- Generated by org.testng.reporters.JUnitReportReporter -->
<testsuite skipped="0" hostname="Dhruvs-Air" name="com.selenium.Example12" tests="1" failures="0" timestamp="2020-01-22T11:29:21 EST" time="20.285" errors="0">
  <testcase name="enterText" time="20.285" classname="com.selenium.Example12"/>
</testsuite> <!-- com.selenium.Example12 -->
