<?xml version="1.0" encoding="UTF-8"?>
<!-- Generated by org.testng.reporters.JUnitReportReporter -->
<testsuite skipped="0" hostname="Dhruvs-Air" name="com.selenium.Example1" tests="1" failures="0" timestamp="2020-01-16T17:28:38 EST" time="6.443" errors="0">
  <testcase name="enterDataInTextField" time="6.443" classname="com.selenium.Example1"/>
</testsuite> <!-- com.selenium.Example1 -->
