<?xml version="1.0" encoding="UTF-8"?>
<!-- Generated by org.testng.reporters.JUnitReportReporter -->
<testsuite skipped="0" hostname="Dhruvs-Air" name="com.selenium.Example20" tests="1" failures="0" timestamp="2020-01-29T11:56:15 EST" time="14.716" errors="0">
  <testcase name="enterText" time="14.716" classname="com.selenium.Example20"/>
</testsuite> <!-- com.selenium.Example20 -->
