<?xml version="1.0" encoding="UTF-8"?>
<!-- Generated by org.testng.reporters.JUnitReportReporter -->
<testsuite skipped="0" hostname="Dhruvs-Air" name="com.selenium.Example21" tests="1" failures="0" timestamp="2020-01-23T15:49:47 EST" time="5.601" errors="0">
  <testcase name="enterText" time="5.601" classname="com.selenium.Example21"/>
</testsuite> <!-- com.selenium.Example21 -->
