<?xml version="1.0" encoding="UTF-8"?>
<!-- Generated by org.testng.reporters.JUnitReportReporter -->
<testsuite skipped="0" hostname="Dhruvs-Air" name="com.selenium.Example14" tests="1" failures="0" timestamp="2020-01-22T17:53:49 EST" time="35.806" errors="0">
  <testcase name="enterText" time="35.806" classname="com.selenium.Example14"/>
</testsuite> <!-- com.selenium.Example14 -->
