<?xml version="1.0" encoding="UTF-8"?>
<!-- Generated by org.testng.reporters.JUnitReportReporter -->
<testsuite skipped="0" hostname="Dhruvs-Air" name="logAndReport.LoggerTest" tests="1" failures="0" timestamp="2020-01-31T14:09:27 EST" time="0.008" errors="0">
  <testcase name="testLogger" time="0.008" classname="logAndReport.LoggerTest"/>
</testsuite> <!-- logAndReport.LoggerTest -->
