<?xml version="1.0" encoding="UTF-8"?>
<!-- Generated by org.testng.reporters.JUnitReportReporter -->
<testsuite skipped="0" hostname="Dhruvs-Air" name="com.selenium.Example15" tests="1" failures="0" timestamp="2020-01-27T01:23:21 EST" time="21.195" errors="0">
  <testcase name="enterText" time="21.195" classname="com.selenium.Example15"/>
</testsuite> <!-- com.selenium.Example15 -->
