<?xml version="1.0" encoding="UTF-8"?>
<!-- Generated by org.testng.reporters.JUnitReportReporter -->
<testsuite skipped="0" hostname="Dhruvs-Air" name="com.selenium.Example16" tests="1" failures="0" timestamp="2020-01-22T18:08:15 EST" time="18.486" errors="0">
  <testcase name="enterText" time="18.486" classname="com.selenium.Example16"/>
</testsuite> <!-- com.selenium.Example16 -->
