<?xml version="1.0" encoding="UTF-8"?>
<!-- Generated by org.testng.reporters.JUnitReportReporter -->
<testsuite skipped="0" hostname="Dhruvs-Air" name="com.selenium.Example3" tests="1" failures="0" timestamp="2020-01-16T18:14:12 EST" time="7.214" errors="0">
  <testcase name="enterText" time="7.214" classname="com.selenium.Example3"/>
</testsuite> <!-- com.selenium.Example3 -->
