<?xml version="1.0" encoding="UTF-8"?>
<!-- Generated by org.testng.reporters.JUnitReportReporter -->
<testsuite skipped="0" hostname="Dhruvs-Air" name="com.selenium.Example6" tests="1" failures="0" timestamp="2020-01-18T14:02:47 EST" time="16.011" errors="0">
  <testcase name="enterText" time="16.011" classname="com.selenium.Example6"/>
</testsuite> <!-- com.selenium.Example6 -->
