<?xml version="1.0" encoding="UTF-8"?>
<!-- Generated by org.testng.reporters.JUnitReportReporter -->
<testsuite skipped="0" hostname="Dhruvs-MacBook-Air.local" name="com.selenium.Example25" tests="1" failures="0" timestamp="2020-01-23T19:19:04 EST" time="8.451" errors="0">
  <testcase name="enterText" time="8.451" classname="com.selenium.Example25"/>
</testsuite> <!-- com.selenium.Example25 -->
