<?xml version="1.0" encoding="UTF-8"?>
<!-- Generated by org.testng.reporters.JUnitReportReporter -->
<testsuite skipped="0" hostname="Dhruvs-MacBook-Air.local" name="com.selenium.Example23" tests="1" failures="0" timestamp="2020-01-23T18:57:12 EST" time="3.740" errors="0">
  <testcase name="enterText" time="3.740" classname="com.selenium.Example23"/>
</testsuite> <!-- com.selenium.Example23 -->
