<?xml version="1.0" encoding="UTF-8"?>
<!-- Generated by org.testng.reporters.JUnitReportReporter -->
<testsuite skipped="0" hostname="Dhruvs-Air" name="com.selenium.Example27" tests="1" failures="0" timestamp="2020-01-29T14:17:33 EST" time="4.608" errors="0">
  <testcase name="enterText" time="4.608" classname="com.selenium.Example27"/>
</testsuite> <!-- com.selenium.Example27 -->
