<?xml version="1.0" encoding="UTF-8"?>
<!-- Generated by org.testng.reporters.JUnitReportReporter -->
<testsuite skipped="0" hostname="Dhruvs-MacBook-Air.local" name="logAndReport.LoggerTest" tests="1" failures="0" timestamp="2020-01-23T20:27:15 EST" time="0.013" errors="0">
  <testcase name="testLogger" time="0.013" classname="logAndReport.LoggerTest"/>
</testsuite> <!-- logAndReport.LoggerTest -->
