<?xml version="1.0" encoding="UTF-8"?>
<!-- Generated by org.testng.reporters.JUnitReportReporter -->
<testsuite skipped="0" hostname="Dhruvs-Air" name="com.selenium.Example18" tests="1" failures="0" timestamp="2020-01-23T14:46:06 EST" time="5.759" errors="0">
  <testcase name="enterText" time="5.759" classname="com.selenium.Example18"/>
</testsuite> <!-- com.selenium.Example18 -->
