<?xml version="1.0" encoding="UTF-8"?>
<!-- Generated by org.testng.reporters.JUnitReportReporter -->
<testsuite skipped="0" hostname="Dhruvs-Air" name="com.selenium.Example19" tests="1" failures="0" timestamp="2020-01-23T15:13:37 EST" time="3.719" errors="0">
  <testcase name="enterText" time="3.719" classname="com.selenium.Example19"/>
</testsuite> <!-- com.selenium.Example19 -->
