<?xml version="1.0" encoding="UTF-8"?>
<!-- Generated by org.testng.reporters.JUnitReportReporter -->
<testsuite skipped="0" hostname="Dhruvs-Air" name="logAndReport.ExtendReport" tests="2" failures="0" timestamp="2020-01-31T14:09:27 EST" time="0.011" errors="0">
  <testcase name="testLogout" time="0.009" classname="logAndReport.ExtendReport"/>
  <testcase name="testLogin" time="0.002" classname="logAndReport.ExtendReport"/>
</testsuite> <!-- logAndReport.ExtendReport -->
