<?xml version="1.0" encoding="UTF-8"?>
<!-- Generated by org.testng.reporters.JUnitReportReporter -->
<testsuite skipped="0" hostname="Dhruvs-Air" name="com.selenium.Example22" tests="1" failures="0" timestamp="2020-01-23T16:36:53 EST" time="26.205" errors="0">
  <testcase name="enterText" time="26.205" classname="com.selenium.Example22"/>
</testsuite> <!-- com.selenium.Example22 -->
