<?xml version="1.0" encoding="UTF-8"?>
<!-- Generated by org.testng.reporters.JUnitReportReporter -->
<testsuite skipped="0" hostname="Dhruvs-Air" name="com.selenium.Example11" tests="1" failures="0" timestamp="2020-01-22T17:44:07 EST" time="21.647" errors="0">
  <testcase name="enterText" time="21.647" classname="com.selenium.Example11"/>
</testsuite> <!-- com.selenium.Example11 -->
