<?xml version="1.0" encoding="UTF-8"?>
<!-- Generated by org.testng.reporters.JUnitReportReporter -->
<testsuite skipped="0" hostname="Dhruvs-MacBook-Air.local" name="com.selenium.Example24" tests="1" failures="0" timestamp="2020-01-23T19:09:16 EST" time="4.547" errors="0">
  <testcase name="enterText" time="4.547" classname="com.selenium.Example24"/>
</testsuite> <!-- com.selenium.Example24 -->
