<?xml version="1.0" encoding="UTF-8"?>
<!-- Generated by org.testng.reporters.JUnitReportReporter -->
<testsuite skipped="0" hostname="Dhruvs-Air" name="com.selenium.Example2" tests="1" failures="0" timestamp="2020-01-16T17:57:33 EST" time="7.265" errors="0">
  <testcase name="enterText" time="7.265" classname="com.selenium.Example2"/>
</testsuite> <!-- com.selenium.Example2 -->
