<?xml version="1.0" encoding="UTF-8"?>
<!-- Generated by org.testng.reporters.JUnitReportReporter -->
<testsuite skipped="0" hostname="Dhruvs-Air" name="com.selenium.Example13" tests="1" failures="0" timestamp="2020-01-22T12:07:01 EST" time="56.547" errors="0">
  <testcase name="enterText" time="56.547" classname="com.selenium.Example13"/>
</testsuite> <!-- com.selenium.Example13 -->
